<?xml version="1.0" encoding="UTF-8"?>
<testsuite xmlns:xsi="http://www.w3.org/2001/XMLSchema-instance" xsi:noNamespaceSchemaLocation="https://maven.apache.org/surefire/maven-surefire-plugin/xsd/surefire-test-report-3.0.xsd" version="3.0" name="org.example.runners.CucumberTestSuite" time="5.802" tests="1" errors="0" skipped="0" failures="0">
  <properties>
[...]
</properties>
  <testcase name="Login, add items, view cart and complete purchase" classname="Purchase flow on www.saucedemo.com" time="5.212">
    <system-out><![CDATA[
Scenario Outline: Login, add items, view cart and complete purchase               &amp#27;[90m# src/test/java/resources/features/purchase_flow.feature:22&amp#27;[0m
  &amp#27;[32mGiven &amp#27;[0m&amp#27;[32mthe user is on the Sauce Demo login page&amp#27;[0m                                  &amp#27;[90m# org.example.steps.PurchaseSteps.open_login_page()&amp#27;[0m
  &amp#27;[32mWhen &amp#27;[0m&amp#27;[32mthe user logs in with username &amp#27;[0m&amp#27;[32m&amp#27;[1m"standard_user"&amp#27;[0m&amp#27;[32m and password &amp#27;[0m&amp#27;[32m&amp#27;[1m"secret_sauce"&amp#27;[0m &amp#27;[90m# org.example.steps.PurchaseSteps.login(java.lang.String,java.lang.String)&amp#27;[0m
  &amp#27;[32mAnd &amp#27;[0m&amp#27;[32mthe user adds the following items to the cart:&amp#27;[0m                              &amp#27;[90m# org.example.steps.PurchaseSteps.add_items(io.cucumber.datatable.DataTable)&amp#27;[0m
    | Sauce Labs Backpack     |
    | Sauce Labs Bolt T Shirt |
  &amp#27;[32mAnd &amp#27;[0m&amp#27;[32mthe user opens the cart&amp#27;[0m                                                     &amp#27;[90m# org.example.steps.PurchaseSteps.open_cart()&amp#27;[0m
  &amp#27;[32mAnd &amp#27;[0m&amp#27;[32mthe user proceeds to checkout with:&amp#27;[0m                                         &amp#27;[90m# org.example.steps.PurchaseSteps.checkout(io.cucumber.datatable.DataTable)&amp#27;[0m
    | firstName | lastName | postalCode |
    | John      | Doe      | 90210      |
  &amp#27;[32mThen &amp#27;[0m&amp#27;[32mthe purchase should be completed successfully&amp#27;[0m                              &amp#27;[90m# org.example.steps.PurchaseSteps.verify_success()&amp#27;[0m
]]></system-out>
    <system-err><![CDATA[SLF4J: No SLF4J providers were found.
SLF4J: Defaulting to no-operation (NOP) logger implementation
SLF4J: See https://www.slf4j.org/codes.html#noProviders for further details.
]]></system-err>
  </testcase>
</testsuite>